TN:
SF:script/Deploy.s.sol
FN:62,DeployOptimism.run
FNDA:0,DeployOptimism.run
DA:63,0
DA:64,0
DA:66,0
DA:68,0
FN:77,DeployOptimismGoerli.run
FNDA:0,DeployOptimismGoerli.run
DA:78,0
DA:79,0
DA:81,0
DA:83,0
FN:18,Setup.deploySystem
FNDA:0,Setup.deploySystem
DA:19,0
DA:20,0
DA:21,0
DA:22,0
DA:23,0
FN:34,DeployBase.run
FNDA:0,DeployBase.run
DA:35,0
DA:36,0
DA:38,0
DA:40,0
FN:48,DeployBaseGoerli.run
FNDA:0,DeployBaseGoerli.run
DA:49,0
DA:50,0
DA:52,0
DA:54,0
FNF:5
FNH:0
LF:21
LH:0
BRF:0
BRH:0
end_of_record
TN:
SF:src/SMv2SessionValidationModule.sol
FN:30,SMv2SessionValidationModule.validateSessionParams
FNDA:7,SMv2SessionValidationModule.validateSessionParams
DA:37,7
DA:41,7
DA:44,7
BRDA:44,0,0,2
BRDA:44,0,1,5
DA:45,2
DA:49,5
BRDA:49,1,0,2
BRDA:49,1,1,3
DA:50,2
DA:54,3
BRDA:54,2,0,1
BRDA:54,2,1,2
DA:55,1
DA:65,2
FN:78,SMv2SessionValidationModule.validateSessionUserOp
FNDA:11,SMv2SessionValidationModule.validateSessionUserOp
DA:86,11
DA:87,2
BRDA:85,3,0,1
BRDA:85,3,1,10
DA:89,1
DA:92,10
DA:96,10
DA:100,10
DA:106,10
BRDA:106,4,0,2
BRDA:106,4,1,8
DA:107,2
DA:111,8
BRDA:111,5,0,1
BRDA:111,5,1,7
DA:112,1
DA:118,7
DA:120,7
DA:121,7
DA:122,7
DA:124,7
DA:128,7
BRDA:128,6,0,2
BRDA:128,6,1,5
DA:129,2
DA:134,5
FNF:2
FNH:2
LF:27
LH:27
BRF:14
BRH:14
end_of_record
TN:
SF:src/SMv3SessionValidationModule.sol
FN:35,SMv3SessionValidationModule.validateSessionParams
FNDA:12,SMv3SessionValidationModule.validateSessionParams
DA:42,12
DA:49,12
DA:54,12
BRDA:54,0,0,2
BRDA:54,0,1,10
DA:55,2
DA:59,10
DA:61,10
DA:62,8
DA:63,7
DA:64,6
BRDA:60,1,0,5
BRDA:60,1,1,5
DA:66,5
DA:70,5
BRDA:70,2,0,1
BRDA:70,2,1,4
DA:71,1
DA:74,4
FN:87,SMv3SessionValidationModule.validateSessionUserOp
FNDA:17,SMv3SessionValidationModule.validateSessionUserOp
DA:95,17
DA:96,2
BRDA:94,3,0,1
BRDA:94,3,1,16
DA:98,1
DA:101,16
DA:106,16
DA:112,16
BRDA:112,4,0,2
BRDA:112,4,1,14
DA:113,2
DA:117,14
BRDA:117,5,0,1
BRDA:117,5,1,13
DA:118,1
DA:124,13
DA:126,13
DA:127,13
DA:128,13
DA:129,13
DA:133,13
DA:140,13
DA:146,13
DA:148,13
DA:149,9
DA:150,8
DA:151,7
BRDA:147,6,0,5
BRDA:147,6,1,8
DA:153,5
DA:159,8
FNF:2
FNH:2
LF:36
LH:36
BRF:14
BRH:14
end_of_record
TN:
SF:src/biconomy/interfaces/UserOperation.sol
FN:34,UserOperationLib.getSender
FNDA:0,UserOperationLib.getSender
DA:39,0
DA:42,0
DA:44,0
FN:49,UserOperationLib.gasPrice
FNDA:0,UserOperationLib.gasPrice
DA:55,0
DA:56,0
DA:57,0
BRDA:57,0,0,-
BRDA:57,0,1,-
DA:59,0
DA:61,0
FN:65,UserOperationLib.pack
FNDA:0,UserOperationLib.pack
DA:71,0
DA:78,0
FN:85,UserOperationLib.hash
FNDA:0,UserOperationLib.hash
DA:90,0
FN:93,UserOperationLib.min
FNDA:0,UserOperationLib.min
DA:94,0
FNF:5
FNH:0
LF:12
LH:0
BRF:2
BRH:0
end_of_record
TN:
SF:src/openzeppelin/ECDSA.sol
FN:56,ECDSA.tryRecover
FNDA:13,ECDSA.tryRecover
DA:61,13
BRDA:61,0,0,13
BRDA:61,0,1,-
DA:62,13
DA:63,13
DA:64,13
DA:69,13
DA:70,13
DA:71,13
DA:73,13
DA:75,0
FN:97,ECDSA.recover
FNDA:13,ECDSA.recover
DA:102,13
DA:103,13
DA:104,13
DA:105,13
FN:113,ECDSA.tryRecover
FNDA:0,ECDSA.tryRecover
DA:119,0
DA:120,0
DA:124,0
DA:125,0
FN:132,ECDSA.recover
FNDA:0,ECDSA.recover
DA:137,0
DA:138,0
DA:139,0
DA:140,0
FN:147,ECDSA.tryRecover
FNDA:13,ECDSA.tryRecover
DA:162,13
BRDA:161,1,0,-
BRDA:161,1,1,13
DA:165,0
DA:169,13
DA:170,13
BRDA:170,2,0,-
BRDA:170,2,1,13
DA:171,0
DA:174,13
FN:181,ECDSA.recover
FNDA:0,ECDSA.recover
DA:186,0
DA:187,0
DA:188,0
DA:189,0
FN:195,ECDSA._throwError
FNDA:13,ECDSA._throwError
DA:196,13
BRDA:196,3,0,-
BRDA:196,3,1,13
DA:197,13
DA:198,0
BRDA:198,4,0,-
BRDA:198,4,1,-
DA:199,0
DA:200,0
BRDA:200,5,0,-
BRDA:200,5,1,-
DA:201,0
DA:202,0
BRDA:202,6,0,-
BRDA:202,6,1,-
DA:203,0
FN:212,ECDSA.toEthSignedMessageHash
FNDA:13,ECDSA.toEthSignedMessageHash
DA:219,13
FNF:8
FNH:5
LF:40
LH:19
BRF:14
BRH:4
end_of_record
TN:
SF:test/SMv2SessionValidationModule.t.sol
FN:38,SMv2SessionValidationModuleTest.setUp
FNDA:0,SMv2SessionValidationModuleTest.setUp
DA:39,0
DA:41,0
DA:44,0
DA:45,0
DA:46,0
DA:47,0
DA:50,0
DA:51,0
DA:52,0
DA:55,0
DA:56,0
DA:57,0
DA:58,0
DA:60,0
DA:63,0
DA:66,0
DA:67,0
FNF:1
FNH:0
LF:17
LH:0
BRF:0
BRH:0
end_of_record
TN:
SF:test/SMv3SessionValidationModule.t.sol
FN:42,SMv3SessionValidationModuleTest.setUp
FNDA:0,SMv3SessionValidationModuleTest.setUp
DA:43,0
DA:45,0
DA:48,0
DA:49,0
DA:50,0
DA:51,0
DA:54,0
DA:55,0
DA:56,0
DA:57,0
DA:58,0
DA:60,0
DA:63,0
DA:64,0
DA:65,0
DA:66,0
DA:74,0
DA:77,0
DA:80,0
DA:81,0
FNF:1
FNH:0
LF:20
LH:0
BRF:0
BRH:0
end_of_record
TN:
SF:test/utils/Bootstrap.sol
FN:20,Bootstrap.initializeOptimismGoerli
FNDA:0,Bootstrap.initializeOptimismGoerli
DA:21,0
DA:22,0
DA:25,0
DA:27,0
DA:29,0
FN:37,BootstrapOptimismGoerli.init
FNDA:0,BootstrapOptimismGoerli.init
DA:38,0
DA:41,0
DA:43,0
FNF:2
FNH:0
LF:8
LH:0
BRF:0
BRH:0
end_of_record
TN:
SF:test/utils/UserOperationSignature.sol
FN:18,UserOperationSignature.getUserOperationSignature
FNDA:12,UserOperationSignature.getUserOperationSignature
DA:22,12
DA:24,12
DA:26,12
FN:29,UserOperationSignature.hashUserOperation
FNDA:10,UserOperationSignature.hashUserOperation
DA:34,22
FNF:2
FNH:2
LF:4
LH:4
BRF:0
BRH:0
end_of_record
