TN:
SF:script/Deploy.s.sol
FN:17,Setup.deploySystem
FNDA:0,Setup.deploySystem
DA:18,0
DA:19,0
FN:55,DeployOptimism.run
FNDA:0,DeployOptimism.run
DA:56,0
DA:57,0
DA:59,0
DA:61,0
FN:41,DeployBaseGoerli.run
FNDA:0,DeployBaseGoerli.run
DA:42,0
DA:43,0
DA:45,0
DA:47,0
FN:70,DeployOptimismGoerli.run
FNDA:0,DeployOptimismGoerli.run
DA:71,0
DA:72,0
DA:74,0
DA:76,0
FN:27,DeployBase.run
FNDA:0,DeployBase.run
DA:28,0
DA:29,0
DA:31,0
DA:33,0
FNF:5
FNH:0
LF:18
LH:0
BRF:0
BRH:0
end_of_record
TN:
SF:src/Counter.sol
FN:10,Counter.setNumber
FNDA:256,Counter.setNumber
DA:11,256
FN:14,Counter.increment
FNDA:1,Counter.increment
DA:15,1
FNF:2
FNH:2
LF:2
LH:2
BRF:0
BRH:0
end_of_record
TN:
SF:test/Counter.t.sol
FN:7,CounterTest.setUp
FNDA:0,CounterTest.setUp
DA:12,0
FNF:1
FNH:0
LF:1
LH:0
BRF:0
BRH:0
end_of_record
TN:
SF:test/utils/Bootstrap.sol
FN:36,BootstrapOptimism.init
FNDA:0,BootstrapOptimism.init
DA:37,0
DA:39,0
FN:44,BootstrapOptimismGoerli.init
FNDA:0,BootstrapOptimismGoerli.init
DA:45,0
DA:47,0
FN:18,Bootstrap.initializeOptimismGoerli
FNDA:0,Bootstrap.initializeOptimismGoerli
DA:19,0
DA:20,0
DA:22,0
FN:25,Bootstrap.initializeOptimism
FNDA:0,Bootstrap.initializeOptimism
DA:26,0
DA:27,0
DA:29,0
FNF:4
FNH:0
LF:10
LH:0
BRF:0
BRH:0
end_of_record
